0 verbose cli /Users/arielkotch/.nvm/versions/node/v20.19.4/bin/node /Users/arielkotch/.nvm/versions/node/v20.19.4/bin/npm
1 info using npm@10.8.2
2 info using node@v20.19.4
3 silly config load:file:/Users/arielkotch/.nvm/versions/node/v20.19.4/lib/node_modules/npm/npmrc
4 silly config load:file:/Users/arielkotch/Desktop/elevated-algorithms/.npmrc
5 silly config load:file:/Users/arielkotch/.npmrc
6 silly config load:file:/Users/arielkotch/.nvm/versions/node/v20.19.4/etc/npmrc
7 verbose title npm install next@latest
8 verbose argv "install" "next@latest"
9 verbose logfile logs-max:10 dir:/Users/arielkotch/Desktop/elevated-algorithms/.npm-cache/_logs/2026-01-15T16_00_53_069Z-
10 verbose logfile /Users/arielkotch/Desktop/elevated-algorithms/.npm-cache/_logs/2026-01-15T16_00_53_069Z-debug-0.log
11 silly packumentCache heap:4345298944 maxSize:1086324736 maxEntrySize:543162368
12 silly logfile done cleaning log files
13 silly packumentCache corgi:https://registry.npmjs.org/next cache-miss
14 http fetch GET 200 https://registry.npmjs.org/next 987ms (cache miss)
15 silly packumentCache corgi:https://registry.npmjs.org/next set size:undefined disposed:false
16 silly idealTree buildDeps
17 silly fetch manifest next@16.1.2
18 silly packumentCache full:https://registry.npmjs.org/next cache-miss
19 http fetch GET 200 https://registry.npmjs.org/next 602ms (cache miss)
20 silly packumentCache full:https://registry.npmjs.org/next set size:undefined disposed:false
21 silly fetch manifest @opentelemetry/api@^1.1.0
22 silly packumentCache full:https://registry.npmjs.org/@opentelemetry%2fapi cache-miss
23 http fetch GET 200 https://registry.npmjs.org/@opentelemetry%2fapi 218ms (cache miss)
24 silly packumentCache full:https://registry.npmjs.org/@opentelemetry%2fapi set size:undefined disposed:false
25 silly fetch manifest @playwright/test@^1.51.1
26 silly packumentCache full:https://registry.npmjs.org/@playwright%2ftest cache-miss
27 http fetch GET 200 https://registry.npmjs.org/@playwright%2ftest 295ms (cache miss)
28 silly packumentCache full:https://registry.npmjs.org/@playwright%2ftest set size:undefined disposed:false
29 silly fetch manifest babel-plugin-react-compiler@*
30 silly packumentCache full:https://registry.npmjs.org/babel-plugin-react-compiler cache-miss
31 http fetch GET 200 https://registry.npmjs.org/babel-plugin-react-compiler 203ms (cache miss)
32 silly packumentCache full:https://registry.npmjs.org/babel-plugin-react-compiler set size:undefined disposed:false
33 silly fetch manifest react@19.1.0
34 silly packumentCache full:https://registry.npmjs.org/react cache-miss
35 http fetch GET 200 https://registry.npmjs.org/react 331ms (cache miss)
36 silly packumentCache full:https://registry.npmjs.org/react set size:undefined disposed:false
37 silly fetch manifest react-dom@19.1.0
38 silly packumentCache full:https://registry.npmjs.org/react-dom cache-miss
39 http fetch GET 200 https://registry.npmjs.org/react-dom 271ms (cache miss)
40 silly packumentCache full:https://registry.npmjs.org/react-dom set size:undefined disposed:false
41 silly fetch manifest sass@^1.3.0
42 silly packumentCache full:https://registry.npmjs.org/sass cache-miss
43 http fetch GET 200 https://registry.npmjs.org/sass 146ms (cache miss)
44 silly packumentCache full:https://registry.npmjs.org/sass set size:undefined disposed:false
45 silly placeDep ROOT next@16.1.2 REPLACE for: elevated-algorithms@0.1.0 want: 16.1.2
46 silly fetch manifest @next/env@16.1.2
47 silly packumentCache full:https://registry.npmjs.org/@next%2fenv cache-miss
48 silly fetch manifest @next/swc-darwin-x64@16.1.2
49 silly packumentCache full:https://registry.npmjs.org/@next%2fswc-darwin-x64 cache-miss
50 silly fetch manifest @next/swc-darwin-arm64@16.1.2
51 silly packumentCache full:https://registry.npmjs.org/@next%2fswc-darwin-arm64 cache-miss
52 silly fetch manifest @next/swc-linux-x64-gnu@16.1.2
53 silly packumentCache full:https://registry.npmjs.org/@next%2fswc-linux-x64-gnu cache-miss
54 silly fetch manifest @next/swc-linux-x64-musl@16.1.2
55 silly packumentCache full:https://registry.npmjs.org/@next%2fswc-linux-x64-musl cache-miss
56 silly fetch manifest @next/swc-win32-x64-msvc@16.1.2
57 silly packumentCache full:https://registry.npmjs.org/@next%2fswc-win32-x64-msvc cache-miss
58 silly fetch manifest @next/swc-linux-arm64-gnu@16.1.2
59 silly packumentCache full:https://registry.npmjs.org/@next%2fswc-linux-arm64-gnu cache-miss
60 silly fetch manifest @next/swc-linux-arm64-musl@16.1.2
61 silly packumentCache full:https://registry.npmjs.org/@next%2fswc-linux-arm64-musl cache-miss
62 silly fetch manifest @next/swc-win32-arm64-msvc@16.1.2
63 silly packumentCache full:https://registry.npmjs.org/@next%2fswc-win32-arm64-msvc cache-miss
64 http fetch GET 200 https://registry.npmjs.org/@next%2fenv 323ms (cache miss)
65 silly packumentCache full:https://registry.npmjs.org/@next%2fenv set size:undefined disposed:false
66 http fetch GET 200 https://registry.npmjs.org/@next%2fswc-linux-x64-musl 777ms (cache miss)
67 silly packumentCache full:https://registry.npmjs.org/@next%2fswc-linux-x64-musl set size:undefined disposed:false
68 http fetch GET 200 https://registry.npmjs.org/@next%2fswc-darwin-x64 794ms (cache miss)
69 silly packumentCache full:https://registry.npmjs.org/@next%2fswc-darwin-x64 set size:undefined disposed:false
70 http fetch GET 200 https://registry.npmjs.org/@next%2fswc-linux-arm64-gnu 838ms (cache miss)
71 silly packumentCache full:https://registry.npmjs.org/@next%2fswc-linux-arm64-gnu set size:undefined disposed:false
72 http fetch GET 200 https://registry.npmjs.org/@next%2fswc-linux-arm64-musl 879ms (cache miss)
73 silly packumentCache full:https://registry.npmjs.org/@next%2fswc-linux-arm64-musl set size:undefined disposed:false
74 http fetch GET 200 https://registry.npmjs.org/@next%2fswc-linux-x64-gnu 897ms (cache miss)
75 silly packumentCache full:https://registry.npmjs.org/@next%2fswc-linux-x64-gnu set size:undefined disposed:false
76 http fetch GET 200 https://registry.npmjs.org/@next%2fswc-win32-x64-msvc 917ms (cache miss)
77 silly packumentCache full:https://registry.npmjs.org/@next%2fswc-win32-x64-msvc set size:undefined disposed:false
78 http fetch GET 200 https://registry.npmjs.org/@next%2fswc-darwin-arm64 939ms (cache miss)
79 silly packumentCache full:https://registry.npmjs.org/@next%2fswc-darwin-arm64 set size:undefined disposed:false
80 http fetch GET 200 https://registry.npmjs.org/@next%2fswc-win32-arm64-msvc 961ms (cache miss)
81 silly packumentCache full:https://registry.npmjs.org/@next%2fswc-win32-arm64-msvc set size:undefined disposed:false
82 silly placeDep ROOT @next/env@16.1.2 OK for: next@16.1.2 want: 16.1.2
83 silly placeDep ROOT @next/swc-darwin-arm64@16.1.2 OK for: next@16.1.2 want: 16.1.2
84 silly placeDep ROOT @next/swc-darwin-x64@16.1.2 OK for: next@16.1.2 want: 16.1.2
85 silly placeDep ROOT @next/swc-linux-arm64-gnu@16.1.2 OK for: next@16.1.2 want: 16.1.2
86 silly placeDep ROOT @next/swc-linux-arm64-musl@16.1.2 OK for: next@16.1.2 want: 16.1.2
87 silly placeDep ROOT @next/swc-linux-x64-gnu@16.1.2 OK for: next@16.1.2 want: 16.1.2
88 silly placeDep ROOT @next/swc-linux-x64-musl@16.1.2 OK for: next@16.1.2 want: 16.1.2
89 silly placeDep ROOT @next/swc-win32-arm64-msvc@16.1.2 OK for: next@16.1.2 want: 16.1.2
90 silly placeDep ROOT @next/swc-win32-x64-msvc@16.1.2 OK for: next@16.1.2 want: 16.1.2
91 silly reify mark retired [
91 silly reify   '/Users/arielkotch/Desktop/elevated-algorithms/node_modules/@next/env'
91 silly reify ]
92 silly reify mark retired [
92 silly reify   '/Users/arielkotch/Desktop/elevated-algorithms/node_modules/@next/swc-darwin-arm64'
92 silly reify ]
93 silly reify mark retired [
93 silly reify   '/Users/arielkotch/Desktop/elevated-algorithms/node_modules/next',
93 silly reify   '/Users/arielkotch/Desktop/elevated-algorithms/node_modules/.bin/next'
93 silly reify ]
94 silly reify moves {
94 silly reify   '/Users/arielkotch/Desktop/elevated-algorithms/node_modules/@next/env': '/Users/arielkotch/Desktop/elevated-algorithms/node_modules/@next/.env-GHuWVePf',
94 silly reify   '/Users/arielkotch/Desktop/elevated-algorithms/node_modules/@next/swc-darwin-arm64': '/Users/arielkotch/Desktop/elevated-algorithms/node_modules/@next/.swc-darwin-arm64-RadmGixT',
94 silly reify   '/Users/arielkotch/Desktop/elevated-algorithms/node_modules/next': '/Users/arielkotch/Desktop/elevated-algorithms/node_modules/.next-nIUyDti9',
94 silly reify   '/Users/arielkotch/Desktop/elevated-algorithms/node_modules/.bin/next': '/Users/arielkotch/Desktop/elevated-algorithms/node_modules/.bin/.next-2YEpyf98'
94 silly reify }
95 silly audit bulk request {
95 silly audit   '@alloc/quick-lru': [ '5.2.0' ],
95 silly audit   '@emnapi/core': [ '1.5.0' ],
95 silly audit   '@emnapi/runtime': [ '1.5.0' ],
95 silly audit   '@emnapi/wasi-threads': [ '1.1.0' ],
95 silly audit   '@eslint-community/eslint-utils': [ '4.9.0' ],
95 silly audit   'eslint-visitor-keys': [ '3.4.3', '4.2.1' ],
95 silly audit   '@eslint-community/regexpp': [ '4.12.1' ],
95 silly audit   '@eslint/config-array': [ '0.21.0' ],
95 silly audit   '@eslint/config-helpers': [ '0.3.1' ],
95 silly audit   '@eslint/core': [ '0.15.2' ],
95 silly audit   '@eslint/eslintrc': [ '3.3.1' ],
95 silly audit   '@eslint/js': [ '9.35.0' ],
95 silly audit   '@eslint/object-schema': [ '2.1.6' ],
95 silly audit   '@eslint/plugin-kit': [ '0.3.5' ],
95 silly audit   '@formspree/core': [ '4.0.0' ],
95 silly audit   '@formspree/react': [ '3.0.0' ],
95 silly audit   '@humanfs/core': [ '0.19.1' ],
95 silly audit   '@humanfs/node': [ '0.16.7' ],
95 silly audit   '@humanwhocodes/module-importer': [ '1.0.1' ],
95 silly audit   '@humanwhocodes/retry': [ '0.4.3' ],
95 silly audit   '@img/colour': [ '1.0.0' ],
95 silly audit   '@img/sharp-darwin-arm64': [ '0.34.4' ],
95 silly audit   '@img/sharp-darwin-x64': [ '0.34.4' ],
95 silly audit   '@img/sharp-libvips-darwin-arm64': [ '1.2.3' ],
95 silly audit   '@img/sharp-libvips-darwin-x64': [ '1.2.3' ],
95 silly audit   '@img/sharp-libvips-linux-arm': [ '1.2.3' ],
95 silly audit   '@img/sharp-libvips-linux-arm64': [ '1.2.3' ],
95 silly audit   '@img/sharp-libvips-linux-ppc64': [ '1.2.3' ],
95 silly audit   '@img/sharp-libvips-linux-s390x': [ '1.2.3' ],
95 silly audit   '@img/sharp-libvips-linux-x64': [ '1.2.3' ],
95 silly audit   '@img/sharp-libvips-linuxmusl-arm64': [ '1.2.3' ],
95 silly audit   '@img/sharp-libvips-linuxmusl-x64': [ '1.2.3' ],
95 silly audit   '@img/sharp-linux-arm': [ '0.34.4' ],
95 silly audit   '@img/sharp-linux-arm64': [ '0.34.4' ],
95 silly audit   '@img/sharp-linux-ppc64': [ '0.34.4' ],
95 silly audit   '@img/sharp-linux-s390x': [ '0.34.4' ],
95 silly audit   '@img/sharp-linux-x64': [ '0.34.4' ],
95 silly audit   '@img/sharp-linuxmusl-arm64': [ '0.34.4' ],
95 silly audit   '@img/sharp-linuxmusl-x64': [ '0.34.4' ],
95 silly audit   '@img/sharp-wasm32': [ '0.34.4' ],
95 silly audit   '@img/sharp-win32-arm64': [ '0.34.4' ],
95 silly audit   '@img/sharp-win32-ia32': [ '0.34.4' ],
95 silly audit   '@img/sharp-win32-x64': [ '0.34.4' ],
95 silly audit   '@jridgewell/gen-mapping': [ '0.3.13' ],
95 silly audit   '@jridgewell/resolve-uri': [ '3.1.2' ],
95 silly audit   '@jridgewell/sourcemap-codec': [ '1.5.5' ],
95 silly audit   '@jridgewell/trace-mapping': [ '0.3.31' ],
95 silly audit   '@napi-rs/wasm-runtime': [ '0.2.12' ],
95 silly audit   '@next/eslint-plugin-next': [ '15.5.3' ],
95 silly audit   '@nodelib/fs.scandir': [ '2.1.5' ],
95 silly audit   '@nodelib/fs.stat': [ '2.0.5' ],
95 silly audit   '@nodelib/fs.walk': [ '1.2.8' ],
95 silly audit   '@nolyfill/is-core-module': [ '1.0.39' ],
95 silly audit   '@radix-ui/react-compose-refs': [ '1.1.2' ],
95 silly audit   '@radix-ui/react-slot': [ '1.2.3' ],
95 silly audit   '@rtsao/scc': [ '1.1.0' ],
95 silly audit   '@rushstack/eslint-patch': [ '1.12.0' ],
95 silly audit   '@stripe/react-stripe-js': [ '3.10.0' ],
95 silly audit   '@stripe/stripe-js': [ '5.10.0' ],
95 silly audit   '@swc/helpers': [ '0.5.15' ],
95 silly audit   '@tybys/wasm-util': [ '0.10.1' ],
95 silly audit   '@types/estree': [ '1.0.8' ],
95 silly audit   '@types/json-schema': [ '7.0.15' ],
95 silly audit   '@types/json5': [ '0.0.29' ],
95 silly audit   '@types/node': [ '20.19.17' ],
95 silly audit   '@types/react': [ '19.1.13' ],
95 silly audit   '@types/react-dom': [ '19.1.9' ],
95 silly audit   '@typescript-eslint/eslint-plugin': [ '8.44.0' ],
95 silly audit   ignore: [ '7.0.5', '5.3.2' ],
95 silly audit   '@typescript-eslint/parser': [ '8.44.0' ],
95 silly audit   '@typescript-eslint/project-service': [ '8.44.0' ],
95 silly audit   '@typescript-eslint/scope-manager': [ '8.44.0' ],
95 silly audit   '@typescript-eslint/tsconfig-utils': [ '8.44.0' ],
95 silly audit   '@typescript-eslint/type-utils': [ '8.44.0' ],
95 silly audit   '@typescript-eslint/types': [ '8.44.0' ],
95 silly audit   '@typescript-eslint/typescript-estree': [ '8.44.0' ],
95 silly audit   'brace-expansion': [ '2.0.2', '1.1.12' ],
95 silly audit   'fast-glob': [ '3.3.3', '3.3.1' ],
95 silly audit   'glob-parent': [ '5.1.2', '6.0.2' ],
95 silly audit   minimatch: [ '9.0.5', '3.1.2' ],
95 silly audit   '@typescript-eslint/utils': [ '8.44.0' ],
95 silly audit   '@typescript-eslint/visitor-keys': [ '8.44.0' ],
95 silly audit   '@unrs/resolver-binding-android-arm-eabi': [ '1.11.1' ],
95 silly audit   '@unrs/resolver-binding-android-arm64': [ '1.11.1' ],
95 silly audit   '@unrs/resolver-binding-darwin-arm64': [ '1.11.1' ],
95 silly audit   '@unrs/resolver-binding-darwin-x64': [ '1.11.1' ],
95 silly audit   '@unrs/resolver-binding-freebsd-x64': [ '1.11.1' ],
95 silly audit   '@unrs/resolver-binding-linux-arm-gnueabihf': [ '1.11.1' ],
95 silly audit   '@unrs/resolver-binding-linux-arm-musleabihf': [ '1.11.1' ],
95 silly audit   '@unrs/resolver-binding-linux-arm64-gnu': [ '1.11.1' ],
95 silly audit   '@unrs/resolver-binding-linux-arm64-musl': [ '1.11.1' ],
95 silly audit   '@unrs/resolver-binding-linux-ppc64-gnu': [ '1.11.1' ],
95 silly audit   '@unrs/resolver-binding-linux-riscv64-gnu': [ '1.11.1' ],
95 silly audit   '@unrs/resolver-binding-linux-riscv64-musl': [ '1.11.1' ],
95 silly audit   '@unrs/resolver-binding-linux-s390x-gnu': [ '1.11.1' ],
95 silly audit   '@unrs/resolver-binding-linux-x64-gnu': [ '1.11.1' ],
95 silly audit   '@unrs/resolver-binding-linux-x64-musl': [ '1.11.1' ],
95 silly audit   '@unrs/resolver-binding-wasm32-wasi': [ '1.11.1' ],
95 silly audit   '@unrs/resolver-binding-win32-arm64-msvc': [ '1.11.1' ],
95 silly audit   '@unrs/resolver-binding-win32-ia32-msvc': [ '1.11.1' ],
95 silly audit   '@unrs/resolver-binding-win32-x64-msvc': [ '1.11.1' ],
95 silly audit   acorn: [ '8.15.0' ],
95 silly audit   'acorn-jsx': [ '5.3.2' ],
95 silly audit   ajv: [ '6.12.6' ],
95 silly audit   'ansi-styles': [ '4.3.0' ],
95 silly audit   'any-promise': [ '1.3.0' ],
95 silly audit   anymatch: [ '3.1.3' ],
95 silly audit   arg: [ '5.0.2' ],
95 silly audit   argparse: [ '2.0.1' ],
95 silly audit   'aria-query': [ '5.3.2' ],
95 silly audit   'array-buffer-byte-length': [ '1.0.2' ],
95 silly audit   'array-includes': [ '3.1.9' ],
95 silly audit   'array.prototype.findlast': [ '1.2.5' ],
95 silly audit   'array.prototype.findlastindex': [ '1.2.6' ],
95 silly audit   'array.prototype.flat': [ '1.3.3' ],
95 silly audit   'array.prototype.flatmap': [ '1.3.3' ],
95 silly audit   'array.prototype.tosorted': [ '1.1.4' ],
95 silly audit   'arraybuffer.prototype.slice': [ '1.0.4' ],
95 silly audit   'ast-types-flow': [ '0.0.8' ],
95 silly audit   'async-function': [ '1.0.0' ],
95 silly audit   autoprefixer: [ '10.4.23' ],
95 silly audit   'available-typed-arrays': [ '1.0.7' ],
95 silly audit   'axe-core': [ '4.10.3' ],
95 silly audit   'axobject-query': [ '4.1.0' ],
95 silly audit   'balanced-match': [ '1.0.2' ],
95 silly audit   'baseline-browser-mapping': [ '2.9.13' ],
95 silly audit   'binary-extensions': [ '2.3.0' ],
95 silly audit   braces: [ '3.0.3' ],
95 silly audit   browserslist: [ '4.28.1' ],
95 silly audit   'call-bind': [ '1.0.8' ],
95 silly audit   'call-bind-apply-helpers': [ '1.0.2' ],
95 silly audit   'call-bound': [ '1.0.4' ],
95 silly audit   callsites: [ '3.1.0' ],
95 silly audit   'camelcase-css': [ '2.0.1' ],
95 silly audit   'caniuse-lite': [ '1.0.30001763' ],
95 silly audit   chalk: [ '4.1.2' ],
95 silly audit   chokidar: [ '3.6.0' ],
95 silly audit   'class-variance-authority': [ '0.7.1' ],
95 silly audit   'client-only': [ '0.0.1' ],
95 silly audit   clsx: [ '2.1.1' ],
95 silly audit   'color-convert': [ '2.0.1' ],
95 silly audit   'color-name': [ '1.1.4' ],
95 silly audit   commander: [ '4.1.1' ],
95 silly audit   'concat-map': [ '0.0.1' ],
95 silly audit   'cross-spawn': [ '7.0.6' ],
95 silly audit   cssesc: [ '3.0.0' ],
95 silly audit   csstype: [ '3.1.3' ],
95 silly audit   'damerau-levenshtein': [ '1.0.8' ],
95 silly audit   'data-view-buffer': [ '1.0.2' ],
95 silly audit   'data-view-byte-length': [ '1.0.2' ],
95 silly audit   'data-view-byte-offset': [ '1.0.1' ],
95 silly audit   debug: [ '4.4.3', '3.2.7' ],
95 silly audit   'deep-is': [ '0.1.4' ],
95 silly audit   'define-data-property': [ '1.1.4' ],
95 silly audit   'define-properties': [ '1.2.1' ],
95 silly audit   'detect-libc': [ '2.1.0' ],
95 silly audit   didyoumean: [ '1.2.2' ],
95 silly audit   dlv: [ '1.1.3' ],
95 silly audit   doctrine: [ '2.1.0' ],
95 silly audit   'dunder-proto': [ '1.0.1' ],
95 silly audit   'electron-to-chromium': [ '1.5.267' ],
95 silly audit   'emoji-regex': [ '9.2.2' ],
95 silly audit   'es-abstract': [ '1.24.0' ],
95 silly audit   'es-define-property': [ '1.0.1' ],
95 silly audit   'es-errors': [ '1.3.0' ],
95 silly audit   'es-iterator-helpers': [ '1.2.1' ],
95 silly audit   'es-object-atoms': [ '1.1.1' ],
95 silly audit   'es-set-tostringtag': [ '2.1.0' ],
95 silly audit   'es-shim-unscopables': [ '1.1.0' ],
95 silly audit   'es-to-primitive': [ '1.3.0' ],
95 silly audit   escalade: [ '3.2.0' ],
95 silly audit   'escape-string-regexp': [ '4.0.0' ],
95 silly audit   eslint: [ '9.35.0' ],
95 silly audit   'eslint-config-next': [ '15.5.3' ],
95 silly audit   'eslint-import-resolver-node': [ '0.3.9' ],
95 silly audit   'eslint-import-resolver-typescript': [ '3.10.1' ],
95 silly audit   'eslint-module-utils': [ '2.12.1' ],
95 silly audit   'eslint-plugin-import': [ '2.32.0' ],
95 silly audit   semver: [ '6.3.1', '7.7.2' ],
95 silly audit   'eslint-plugin-jsx-a11y': [ '6.10.2' ],
95 silly audit   'eslint-plugin-react': [ '7.37.5' ],
95 silly audit   'eslint-plugin-react-hooks': [ '5.2.0' ],
95 silly audit   resolve: [ '2.0.0-next.5', '1.22.10' ],
95 silly audit   'eslint-scope': [ '8.4.0' ],
95 silly audit   espree: [ '10.4.0' ],
95 silly audit   esquery: [ '1.6.0' ],
95 silly audit   esrecurse: [ '4.3.0' ],
95 silly audit   estraverse: [ '5.3.0' ],
95 silly audit   esutils: [ '2.0.3' ],
95 silly audit   'fast-deep-equal': [ '3.1.3' ],
95 silly audit   'fast-json-stable-stringify': [ '2.1.0' ],
95 silly audit   'fast-levenshtein': [ '2.0.6' ],
95 silly audit   fastq: [ '1.19.1' ],
95 silly audit   'file-entry-cache': [ '8.0.0' ],
95 silly audit   'fill-range': [ '7.1.1' ],
95 silly audit   'find-up': [ '5.0.0' ],
95 silly audit   'flat-cache': [ '4.0.1' ],
95 silly audit   flatted: [ '3.3.3' ],
95 silly audit   'for-each': [ '0.3.5' ],
95 silly audit   'fraction.js': [ '5.3.4' ],
95 silly audit   'framer-motion': [ '12.23.14' ],
95 silly audit   fsevents: [ '2.3.3' ],
95 silly audit   'function-bind': [ '1.1.2' ],
95 silly audit   'function.prototype.name': [ '1.1.8' ],
95 silly audit   'functions-have-names': [ '1.2.3' ],
95 silly audit   'get-intrinsic': [ '1.3.0' ],
95 silly audit   'get-proto': [ '1.0.1' ],
95 silly audit   'get-symbol-description': [ '1.1.0' ],
95 silly audit   'get-tsconfig': [ '4.10.1' ],
95 silly audit   globals: [ '14.0.0' ],
95 silly audit   globalthis: [ '1.0.4' ],
95 silly audit   gopd: [ '1.2.0' ],
95 silly audit   graphemer: [ '1.4.0' ],
95 silly audit   gsap: [ '3.13.0' ],
95 silly audit   'has-bigints': [ '1.1.0' ],
95 silly audit   'has-flag': [ '4.0.0' ],
95 silly audit   'has-property-descriptors': [ '1.0.2' ],
95 silly audit   'has-proto': [ '1.2.0' ],
95 silly audit   'has-symbols': [ '1.1.0' ],
95 silly audit   'has-tostringtag': [ '1.0.2' ],
95 silly audit   hasown: [ '2.0.2' ],
95 silly audit   'import-fresh': [ '3.3.1' ],
95 silly audit   imurmurhash: [ '0.1.4' ],
95 silly audit   'internal-slot': [ '1.1.0' ],
95 silly audit   'is-array-buffer': [ '3.0.5' ],
95 silly audit   'is-async-function': [ '2.1.1' ],
95 silly audit   'is-bigint': [ '1.1.0' ],
95 silly audit   'is-binary-path': [ '2.1.0' ],
95 silly audit   'is-boolean-object': [ '1.2.2' ],
95 silly audit   'is-bun-module': [ '2.0.0' ],
95 silly audit   'is-callable': [ '1.2.7' ],
95 silly audit   'is-core-module': [ '2.16.1' ],
95 silly audit   'is-data-view': [ '1.0.2' ],
95 silly audit   'is-date-object': [ '1.1.0' ],
95 silly audit   'is-extglob': [ '2.1.1' ],
95 silly audit   'is-finalizationregistry': [ '1.1.1' ],
95 silly audit   'is-generator-function': [ '1.1.0' ],
95 silly audit   'is-glob': [ '4.0.3' ],
95 silly audit   'is-map': [ '2.0.3' ],
95 silly audit   'is-negative-zero': [ '2.0.3' ],
95 silly audit   'is-number': [ '7.0.0' ],
95 silly audit   'is-number-object': [ '1.1.1' ],
95 silly audit   'is-regex': [ '1.2.1' ],
95 silly audit   'is-set': [ '2.0.3' ],
95 silly audit   'is-shared-array-buffer': [ '1.0.4' ],
95 silly audit   'is-string': [ '1.1.1' ],
95 silly audit   'is-symbol': [ '1.1.1' ],
95 silly audit   'is-typed-array': [ '1.1.15' ],
95 silly audit   'is-weakmap': [ '2.0.2' ],
95 silly audit   'is-weakref': [ '1.1.1' ],
95 silly audit   'is-weakset': [ '2.0.4' ],
95 silly audit   isarray: [ '2.0.5' ],
95 silly audit   isexe: [ '2.0.0' ],
95 silly audit   'iterator.prototype': [ '1.1.5' ],
95 silly audit   jiti: [ '2.5.1', '1.21.7' ],
95 silly audit   'js-tokens': [ '4.0.0' ],
95 silly audit   'js-yaml': [ '4.1.0' ],
95 silly audit   'json-buffer': [ '3.0.1' ],
95 silly audit   'json-schema-traverse': [ '0.4.1' ],
95 silly audit   'json-stable-stringify-without-jsonify': [ '1.0.1' ],
95 silly audit   json5: [ '1.0.2' ],
95 silly audit   'jsx-ast-utils': [ '3.3.5' ],
95 silly audit   keyv: [ '4.5.4' ],
95 silly audit   'language-subtag-registry': [ '0.3.23' ],
95 silly audit   'language-tags': [ '1.0.9' ],
95 silly audit   levn: [ '0.4.1' ],
95 silly audit   lilconfig: [ '3.1.3' ],
95 silly audit   'lines-and-columns': [ '1.2.4' ],
95 silly audit   'locate-path': [ '6.0.0' ],
95 silly audit   'lodash.merge': [ '4.6.2' ],
95 silly audit   'loose-envify': [ '1.4.0' ],
95 silly audit   'lucide-react': [ '0.544.0' ],
95 silly audit   'math-intrinsics': [ '1.1.0' ],
95 silly audit   merge2: [ '1.4.1' ],
95 silly audit   micromatch: [ '4.0.8' ],
95 silly audit   minimist: [ '1.2.8' ],
95 silly audit   motion: [ '12.23.14' ],
95 silly audit   'motion-dom': [ '12.23.12' ],
95 silly audit   'motion-utils': [ '12.23.6' ],
95 silly audit   ms: [ '2.1.3' ],
95 silly audit   mz: [ '2.7.0' ],
95 silly audit   nanoid: [ '3.3.11' ],
95 silly audit   'napi-postinstall': [ '0.3.3' ],
95 silly audit   'natural-compare': [ '1.4.0' ],
95 silly audit   postcss: [ '8.5.6', '8.4.31' ],
95 silly audit   'node-releases': [ '2.0.27' ],
95 silly audit   'normalize-path': [ '3.0.0' ],
95 silly audit   'object-assign': [ '4.1.1' ],
95 silly audit   'object-hash': [ '3.0.0' ],
95 silly audit   'object-inspect': [ '1.13.4' ],
95 silly audit   'object-keys': [ '1.1.1' ],
95 silly audit   'object.assign': [ '4.1.7' ],
95 silly audit   'object.entries': [ '1.1.9' ],
95 silly audit   'object.fromentries': [ '2.0.8' ],
95 silly audit   'object.groupby': [ '1.0.3' ],
95 silly audit   'object.values': [ '1.2.1' ],
95 silly audit   ogl: [ '1.0.11' ],
95 silly audit   optionator: [ '0.9.4' ],
95 silly audit   'own-keys': [ '1.0.1' ],
95 silly audit   'p-limit': [ '3.1.0' ],
95 silly audit   'p-locate': [ '5.0.0' ],
95 silly audit   'parent-module': [ '1.0.1' ],
95 silly audit   'path-exists': [ '4.0.0' ],
95 silly audit   'path-key': [ '3.1.1' ],
95 silly audit   'path-parse': [ '1.0.7' ],
95 silly audit   picocolors: [ '1.1.1' ],
95 silly audit   picomatch: [ '2.3.1', '4.0.3' ],
95 silly audit   pify: [ '2.3.0' ],
95 silly audit   pirates: [ '4.0.7' ],
95 silly audit   'possible-typed-array-names': [ '1.1.0' ],
95 silly audit   'postcss-import': [ '15.1.0' ],
95 silly audit   'postcss-js': [ '4.1.0' ],
95 silly audit   'postcss-load-config': [ '6.0.1' ],
95 silly audit   'postcss-nested': [ '6.2.0' ],
95 silly audit   'postcss-selector-parser': [ '6.1.2' ],
95 silly audit   'postcss-value-parser': [ '4.2.0' ],
95 silly audit   'prelude-ls': [ '1.2.1' ],
95 silly audit   'prop-types': [ '15.8.1' ],
95 silly audit   punycode: [ '2.3.1' ],
95 silly audit   'queue-microtask': [ '1.2.3' ],
95 silly audit   react: [ '19.1.0' ],
95 silly audit   'react-dom': [ '19.1.0' ],
95 silly audit   'react-is': [ '16.13.1' ],
95 silly audit   'read-cache': [ '1.0.0' ],
95 silly audit   readdirp: [ '3.6.0' ],
95 silly audit   'reflect.getprototypeof': [ '1.0.10' ],
95 silly audit   'regexp.prototype.flags': [ '1.5.4' ],
95 silly audit   'resolve-from': [ '4.0.0' ],
95 silly audit   'resolve-pkg-maps': [ '1.0.0' ],
95 silly audit   reusify: [ '1.1.0' ],
95 silly audit   'run-parallel': [ '1.2.0' ],
95 silly audit   'safe-array-concat': [ '1.1.3' ],
95 silly audit   'safe-push-apply': [ '1.0.0' ],
95 silly audit   'safe-regex-test': [ '1.1.0' ],
95 silly audit   scheduler: [ '0.26.0' ],
95 silly audit   'set-function-length': [ '1.2.2' ],
95 silly audit   'set-function-name': [ '2.0.2' ],
95 silly audit   'set-proto': [ '1.0.0' ],
95 silly audit   sharp: [ '0.34.4' ],
95 silly audit   'shebang-command': [ '2.0.0' ],
95 silly audit   'shebang-regex': [ '3.0.0' ],
95 silly audit   'side-channel': [ '1.1.0' ],
95 silly audit   'side-channel-list': [ '1.0.0' ],
95 silly audit   'side-channel-map': [ '1.0.1' ],
95 silly audit   'side-channel-weakmap': [ '1.0.2' ],
95 silly audit   'source-map-js': [ '1.2.1' ],
95 silly audit   'stable-hash': [ '0.0.5' ],
95 silly audit   'stop-iteration-iterator': [ '1.1.0' ],
95 silly audit   'string.prototype.includes': [ '2.0.1' ],
95 silly audit   'string.prototype.matchall': [ '4.0.12' ],
95 silly audit   'string.prototype.repeat': [ '1.0.0' ],
95 silly audit   'string.prototype.trim': [ '1.2.10' ],
95 silly audit   'string.prototype.trimend': [ '1.0.9' ],
95 silly audit   'string.prototype.trimstart': [ '1.0.8' ],
95 silly audit   'strip-bom': [ '3.0.0' ],
95 silly audit   'strip-json-comments': [ '3.1.1' ],
95 silly audit   'styled-jsx': [ '5.1.6' ],
95 silly audit   sucrase: [ '3.35.1' ],
95 silly audit   'supports-color': [ '7.2.0' ],
95 silly audit   'supports-preserve-symlinks-flag': [ '1.0.0' ],
95 silly audit   'tailwind-merge': [ '3.3.1' ],
95 silly audit   tailwindcss: [ '3.4.19' ],
95 silly audit   'tailwindcss-animate': [ '1.0.7' ],
95 silly audit   thenify: [ '3.3.1' ],
95 silly audit   'thenify-all': [ '1.6.0' ],
95 silly audit   tinyglobby: [ '0.2.15' ],
95 silly audit   fdir: [ '6.5.0' ],
95 silly audit   'to-regex-range': [ '5.0.1' ],
95 silly audit   'ts-api-utils': [ '2.1.0' ],
95 silly audit   'ts-interface-checker': [ '0.1.13' ],
95 silly audit   'tsconfig-paths': [ '3.15.0' ],
95 silly audit   tslib: [ '2.8.1' ],
95 silly audit   'tw-animate-css': [ '1.3.8' ],
95 silly audit   'type-check': [ '0.4.0' ],
95 silly audit   'typed-array-buffer': [ '1.0.3' ],
95 silly audit   'typed-array-byte-length': [ '1.0.3' ],
95 silly audit   'typed-array-byte-offset': [ '1.0.4' ],
95 silly audit   'typed-array-length': [ '1.0.7' ],
95 silly audit   typescript: [ '5.9.2' ],
95 silly audit   'unbox-primitive': [ '1.1.0' ],
95 silly audit   'undici-types': [ '6.21.0' ],
95 silly audit   'unrs-resolver': [ '1.11.1' ],
95 silly audit   'update-browserslist-db': [ '1.2.3' ],
95 silly audit   'uri-js': [ '4.4.1' ],
95 silly audit   'util-deprecate': [ '1.0.2' ],
95 silly audit   which: [ '2.0.2' ],
95 silly audit   'which-boxed-primitive': [ '1.1.1' ],
95 silly audit   'which-builtin-type': [ '1.2.1' ],
95 silly audit   'which-collection': [ '1.0.2' ],
95 silly audit   'which-typed-array': [ '1.1.19' ],
95 silly audit   'word-wrap': [ '1.2.5' ],
95 silly audit   'yocto-queue': [ '0.1.0' ],
95 silly audit   next: [ '16.1.2' ],
95 silly audit   '@next/env': [ '16.1.2' ],
95 silly audit   '@next/swc-darwin-arm64': [ '16.1.2' ],
95 silly audit   '@next/swc-darwin-x64': [ '16.1.2' ],
95 silly audit   '@next/swc-linux-arm64-gnu': [ '16.1.2' ],
95 silly audit   '@next/swc-linux-arm64-musl': [ '16.1.2' ],
95 silly audit   '@next/swc-linux-x64-gnu': [ '16.1.2' ],
95 silly audit   '@next/swc-linux-x64-musl': [ '16.1.2' ],
95 silly audit   '@next/swc-win32-arm64-msvc': [ '16.1.2' ],
95 silly audit   '@next/swc-win32-x64-msvc': [ '16.1.2' ]
95 silly audit }
96 verbose reify failed optional dependency /Users/arielkotch/Desktop/elevated-algorithms/node_modules/@next/swc-win32-x64-msvc
97 silly reify mark deleted [
97 silly reify   '/Users/arielkotch/Desktop/elevated-algorithms/node_modules/@next/swc-win32-x64-msvc'
97 silly reify ]
98 verbose reify failed optional dependency /Users/arielkotch/Desktop/elevated-algorithms/node_modules/@next/swc-win32-arm64-msvc
99 silly reify mark deleted [
99 silly reify   '/Users/arielkotch/Desktop/elevated-algorithms/node_modules/@next/swc-win32-arm64-msvc'
99 silly reify ]
100 verbose reify failed optional dependency /Users/arielkotch/Desktop/elevated-algorithms/node_modules/@next/swc-linux-x64-musl
101 silly reify mark deleted [
101 silly reify   '/Users/arielkotch/Desktop/elevated-algorithms/node_modules/@next/swc-linux-x64-musl'
101 silly reify ]
102 verbose reify failed optional dependency /Users/arielkotch/Desktop/elevated-algorithms/node_modules/@next/swc-linux-x64-gnu
103 silly reify mark deleted [
103 silly reify   '/Users/arielkotch/Desktop/elevated-algorithms/node_modules/@next/swc-linux-x64-gnu'
103 silly reify ]
104 verbose reify failed optional dependency /Users/arielkotch/Desktop/elevated-algorithms/node_modules/@next/swc-linux-arm64-musl
105 silly reify mark deleted [
105 silly reify   '/Users/arielkotch/Desktop/elevated-algorithms/node_modules/@next/swc-linux-arm64-musl'
105 silly reify ]
106 verbose reify failed optional dependency /Users/arielkotch/Desktop/elevated-algorithms/node_modules/@next/swc-linux-arm64-gnu
107 silly reify mark deleted [
107 silly reify   '/Users/arielkotch/Desktop/elevated-algorithms/node_modules/@next/swc-linux-arm64-gnu'
107 silly reify ]
108 verbose reify failed optional dependency /Users/arielkotch/Desktop/elevated-algorithms/node_modules/@next/swc-darwin-x64
109 silly reify mark deleted [
109 silly reify   '/Users/arielkotch/Desktop/elevated-algorithms/node_modules/@next/swc-darwin-x64'
109 silly reify ]
110 verbose reify failed optional dependency /Users/arielkotch/Desktop/elevated-algorithms/node_modules/@unrs/resolver-binding-win32-x64-msvc
111 silly reify mark deleted [
111 silly reify   '/Users/arielkotch/Desktop/elevated-algorithms/node_modules/@unrs/resolver-binding-win32-x64-msvc'
111 silly reify ]
112 verbose reify failed optional dependency /Users/arielkotch/Desktop/elevated-algorithms/node_modules/@unrs/resolver-binding-win32-ia32-msvc
113 silly reify mark deleted [
113 silly reify   '/Users/arielkotch/Desktop/elevated-algorithms/node_modules/@unrs/resolver-binding-win32-ia32-msvc'
113 silly reify ]
114 verbose reify failed optional dependency /Users/arielkotch/Desktop/elevated-algorithms/node_modules/@unrs/resolver-binding-win32-arm64-msvc
115 silly reify mark deleted [
115 silly reify   '/Users/arielkotch/Desktop/elevated-algorithms/node_modules/@unrs/resolver-binding-win32-arm64-msvc'
115 silly reify ]
116 verbose reify failed optional dependency /Users/arielkotch/Desktop/elevated-algorithms/node_modules/@unrs/resolver-binding-wasm32-wasi
117 silly reify mark deleted [
117 silly reify   '/Users/arielkotch/Desktop/elevated-algorithms/node_modules/@unrs/resolver-binding-wasm32-wasi'
117 silly reify ]
118 verbose reify failed optional dependency /Users/arielkotch/Desktop/elevated-algorithms/node_modules/@napi-rs/wasm-runtime
119 silly reify mark deleted [
119 silly reify   '/Users/arielkotch/Desktop/elevated-algorithms/node_modules/@napi-rs/wasm-runtime'
119 silly reify ]
120 verbose reify failed optional dependency /Users/arielkotch/Desktop/elevated-algorithms/node_modules/@emnapi/core
121 silly reify mark deleted [
121 silly reify   '/Users/arielkotch/Desktop/elevated-algorithms/node_modules/@emnapi/core'
121 silly reify ]
122 verbose reify failed optional dependency /Users/arielkotch/Desktop/elevated-algorithms/node_modules/@tybys/wasm-util
123 silly reify mark deleted [
123 silly reify   '/Users/arielkotch/Desktop/elevated-algorithms/node_modules/@tybys/wasm-util'
123 silly reify ]
124 verbose reify failed optional dependency /Users/arielkotch/Desktop/elevated-algorithms/node_modules/@emnapi/wasi-threads
125 silly reify mark deleted [
125 silly reify   '/Users/arielkotch/Desktop/elevated-algorithms/node_modules/@emnapi/wasi-threads'
125 silly reify ]
126 verbose reify failed optional dependency /Users/arielkotch/Desktop/elevated-algorithms/node_modules/@unrs/resolver-binding-linux-x64-musl
127 silly reify mark deleted [
127 silly reify   '/Users/arielkotch/Desktop/elevated-algorithms/node_modules/@unrs/resolver-binding-linux-x64-musl'
127 silly reify ]
128 verbose reify failed optional dependency /Users/arielkotch/Desktop/elevated-algorithms/node_modules/@unrs/resolver-binding-linux-x64-gnu
129 silly reify mark deleted [
129 silly reify   '/Users/arielkotch/Desktop/elevated-algorithms/node_modules/@unrs/resolver-binding-linux-x64-gnu'
129 silly reify ]
130 verbose reify failed optional dependency /Users/arielkotch/Desktop/elevated-algorithms/node_modules/@unrs/resolver-binding-linux-s390x-gnu
131 silly reify mark deleted [
131 silly reify   '/Users/arielkotch/Desktop/elevated-algorithms/node_modules/@unrs/resolver-binding-linux-s390x-gnu'
131 silly reify ]
132 verbose reify failed optional dependency /Users/arielkotch/Desktop/elevated-algorithms/node_modules/@unrs/resolver-binding-linux-riscv64-musl
133 silly reify mark deleted [
133 silly reify   '/Users/arielkotch/Desktop/elevated-algorithms/node_modules/@unrs/resolver-binding-linux-riscv64-musl'
133 silly reify ]
134 verbose reify failed optional dependency /Users/arielkotch/Desktop/elevated-algorithms/node_modules/@unrs/resolver-binding-linux-riscv64-gnu
135 silly reify mark deleted [
135 silly reify   '/Users/arielkotch/Desktop/elevated-algorithms/node_modules/@unrs/resolver-binding-linux-riscv64-gnu'
135 silly reify ]
136 verbose reify failed optional dependency /Users/arielkotch/Desktop/elevated-algorithms/node_modules/@unrs/resolver-binding-linux-ppc64-gnu
137 silly reify mark deleted [
137 silly reify   '/Users/arielkotch/Desktop/elevated-algorithms/node_modules/@unrs/resolver-binding-linux-ppc64-gnu'
137 silly reify ]
138 verbose reify failed optional dependency /Users/arielkotch/Desktop/elevated-algorithms/node_modules/@unrs/resolver-binding-linux-arm64-musl
139 silly reify mark deleted [
139 silly reify   '/Users/arielkotch/Desktop/elevated-algorithms/node_modules/@unrs/resolver-binding-linux-arm64-musl'
139 silly reify ]
140 verbose reify failed optional dependency /Users/arielkotch/Desktop/elevated-algorithms/node_modules/@unrs/resolver-binding-linux-arm64-gnu
141 silly reify mark deleted [
141 silly reify   '/Users/arielkotch/Desktop/elevated-algorithms/node_modules/@unrs/resolver-binding-linux-arm64-gnu'
141 silly reify ]
142 verbose reify failed optional dependency /Users/arielkotch/Desktop/elevated-algorithms/node_modules/@unrs/resolver-binding-linux-arm-musleabihf
143 silly reify mark deleted [
143 silly reify   '/Users/arielkotch/Desktop/elevated-algorithms/node_modules/@unrs/resolver-binding-linux-arm-musleabihf'
143 silly reify ]
144 verbose reify failed optional dependency /Users/arielkotch/Desktop/elevated-algorithms/node_modules/@unrs/resolver-binding-linux-arm-gnueabihf
145 silly reify mark deleted [
145 silly reify   '/Users/arielkotch/Desktop/elevated-algorithms/node_modules/@unrs/resolver-binding-linux-arm-gnueabihf'
145 silly reify ]
146 verbose reify failed optional dependency /Users/arielkotch/Desktop/elevated-algorithms/node_modules/@unrs/resolver-binding-freebsd-x64
147 silly reify mark deleted [
147 silly reify   '/Users/arielkotch/Desktop/elevated-algorithms/node_modules/@unrs/resolver-binding-freebsd-x64'
147 silly reify ]
148 verbose reify failed optional dependency /Users/arielkotch/Desktop/elevated-algorithms/node_modules/@unrs/resolver-binding-darwin-x64
149 silly reify mark deleted [
149 silly reify   '/Users/arielkotch/Desktop/elevated-algorithms/node_modules/@unrs/resolver-binding-darwin-x64'
149 silly reify ]
150 verbose reify failed optional dependency /Users/arielkotch/Desktop/elevated-algorithms/node_modules/@unrs/resolver-binding-android-arm64
151 silly reify mark deleted [
151 silly reify   '/Users/arielkotch/Desktop/elevated-algorithms/node_modules/@unrs/resolver-binding-android-arm64'
151 silly reify ]
152 verbose reify failed optional dependency /Users/arielkotch/Desktop/elevated-algorithms/node_modules/@unrs/resolver-binding-android-arm-eabi
153 silly reify mark deleted [
153 silly reify   '/Users/arielkotch/Desktop/elevated-algorithms/node_modules/@unrs/resolver-binding-android-arm-eabi'
153 silly reify ]
154 verbose reify failed optional dependency /Users/arielkotch/Desktop/elevated-algorithms/node_modules/@img/sharp-win32-x64
155 silly reify mark deleted [
155 silly reify   '/Users/arielkotch/Desktop/elevated-algorithms/node_modules/@img/sharp-win32-x64'
155 silly reify ]
156 verbose reify failed optional dependency /Users/arielkotch/Desktop/elevated-algorithms/node_modules/@img/sharp-win32-ia32
157 silly reify mark deleted [
157 silly reify   '/Users/arielkotch/Desktop/elevated-algorithms/node_modules/@img/sharp-win32-ia32'
157 silly reify ]
158 verbose reify failed optional dependency /Users/arielkotch/Desktop/elevated-algorithms/node_modules/@img/sharp-win32-arm64
159 silly reify mark deleted [
159 silly reify   '/Users/arielkotch/Desktop/elevated-algorithms/node_modules/@img/sharp-win32-arm64'
159 silly reify ]
160 verbose reify failed optional dependency /Users/arielkotch/Desktop/elevated-algorithms/node_modules/@img/sharp-wasm32
161 silly reify mark deleted [
161 silly reify   '/Users/arielkotch/Desktop/elevated-algorithms/node_modules/@img/sharp-wasm32'
161 silly reify ]
162 verbose reify failed optional dependency /Users/arielkotch/Desktop/elevated-algorithms/node_modules/@img/sharp-linuxmusl-x64
163 silly reify mark deleted [
163 silly reify   '/Users/arielkotch/Desktop/elevated-algorithms/node_modules/@img/sharp-linuxmusl-x64'
163 silly reify ]
164 verbose reify failed optional dependency /Users/arielkotch/Desktop/elevated-algorithms/node_modules/@img/sharp-linuxmusl-arm64
165 silly reify mark deleted [
165 silly reify   '/Users/arielkotch/Desktop/elevated-algorithms/node_modules/@img/sharp-linuxmusl-arm64'
165 silly reify ]
166 verbose reify failed optional dependency /Users/arielkotch/Desktop/elevated-algorithms/node_modules/@img/sharp-linux-x64
167 silly reify mark deleted [
167 silly reify   '/Users/arielkotch/Desktop/elevated-algorithms/node_modules/@img/sharp-linux-x64'
167 silly reify ]
168 verbose reify failed optional dependency /Users/arielkotch/Desktop/elevated-algorithms/node_modules/@img/sharp-linux-s390x
169 silly reify mark deleted [
169 silly reify   '/Users/arielkotch/Desktop/elevated-algorithms/node_modules/@img/sharp-linux-s390x'
169 silly reify ]
170 verbose reify failed optional dependency /Users/arielkotch/Desktop/elevated-algorithms/node_modules/@img/sharp-linux-ppc64
171 silly reify mark deleted [
171 silly reify   '/Users/arielkotch/Desktop/elevated-algorithms/node_modules/@img/sharp-linux-ppc64'
171 silly reify ]
172 verbose reify failed optional dependency /Users/arielkotch/Desktop/elevated-algorithms/node_modules/@img/sharp-linux-arm64
173 silly reify mark deleted [
173 silly reify   '/Users/arielkotch/Desktop/elevated-algorithms/node_modules/@img/sharp-linux-arm64'
173 silly reify ]
174 verbose reify failed optional dependency /Users/arielkotch/Desktop/elevated-algorithms/node_modules/@img/sharp-linux-arm
175 silly reify mark deleted [
175 silly reify   '/Users/arielkotch/Desktop/elevated-algorithms/node_modules/@img/sharp-linux-arm'
175 silly reify ]
176 verbose reify failed optional dependency /Users/arielkotch/Desktop/elevated-algorithms/node_modules/@img/sharp-libvips-linuxmusl-x64
177 silly reify mark deleted [
177 silly reify   '/Users/arielkotch/Desktop/elevated-algorithms/node_modules/@img/sharp-libvips-linuxmusl-x64'
177 silly reify ]
178 verbose reify failed optional dependency /Users/arielkotch/Desktop/elevated-algorithms/node_modules/@img/sharp-libvips-linuxmusl-arm64
179 silly reify mark deleted [
179 silly reify   '/Users/arielkotch/Desktop/elevated-algorithms/node_modules/@img/sharp-libvips-linuxmusl-arm64'
179 silly reify ]
180 verbose reify failed optional dependency /Users/arielkotch/Desktop/elevated-algorithms/node_modules/@img/sharp-libvips-linux-x64
181 silly reify mark deleted [
181 silly reify   '/Users/arielkotch/Desktop/elevated-algorithms/node_modules/@img/sharp-libvips-linux-x64'
181 silly reify ]
182 verbose reify failed optional dependency /Users/arielkotch/Desktop/elevated-algorithms/node_modules/@img/sharp-libvips-linux-s390x
183 silly reify mark deleted [
183 silly reify   '/Users/arielkotch/Desktop/elevated-algorithms/node_modules/@img/sharp-libvips-linux-s390x'
183 silly reify ]
184 verbose reify failed optional dependency /Users/arielkotch/Desktop/elevated-algorithms/node_modules/@img/sharp-libvips-linux-ppc64
185 silly reify mark deleted [
185 silly reify   '/Users/arielkotch/Desktop/elevated-algorithms/node_modules/@img/sharp-libvips-linux-ppc64'
185 silly reify ]
186 verbose reify failed optional dependency /Users/arielkotch/Desktop/elevated-algorithms/node_modules/@img/sharp-libvips-linux-arm64
187 silly reify mark deleted [
187 silly reify   '/Users/arielkotch/Desktop/elevated-algorithms/node_modules/@img/sharp-libvips-linux-arm64'
187 silly reify ]
188 verbose reify failed optional dependency /Users/arielkotch/Desktop/elevated-algorithms/node_modules/@img/sharp-libvips-linux-arm
189 silly reify mark deleted [
189 silly reify   '/Users/arielkotch/Desktop/elevated-algorithms/node_modules/@img/sharp-libvips-linux-arm'
189 silly reify ]
190 verbose reify failed optional dependency /Users/arielkotch/Desktop/elevated-algorithms/node_modules/@img/sharp-libvips-darwin-x64
191 silly reify mark deleted [
191 silly reify   '/Users/arielkotch/Desktop/elevated-algorithms/node_modules/@img/sharp-libvips-darwin-x64'
191 silly reify ]
192 verbose reify failed optional dependency /Users/arielkotch/Desktop/elevated-algorithms/node_modules/@img/sharp-darwin-x64
193 silly reify mark deleted [
193 silly reify   '/Users/arielkotch/Desktop/elevated-algorithms/node_modules/@img/sharp-darwin-x64'
193 silly reify ]
194 silly tarball no local data for @tybys/wasm-util@https://registry.npmjs.org/@tybys/wasm-util/-/wasm-util-0.10.1.tgz. Extracting by manifest.
195 silly tarball no local data for @napi-rs/wasm-runtime@https://registry.npmjs.org/@napi-rs/wasm-runtime/-/wasm-runtime-0.2.12.tgz. Extracting by manifest.
196 silly tarball no local data for @next/env@https://registry.npmjs.org/@next/env/-/env-16.1.2.tgz. Extracting by manifest.
197 silly tarball no local data for @emnapi/wasi-threads@https://registry.npmjs.org/@emnapi/wasi-threads/-/wasi-threads-1.1.0.tgz. Extracting by manifest.
198 silly tarball no local data for @next/swc-darwin-arm64@https://registry.npmjs.org/@next/swc-darwin-arm64/-/swc-darwin-arm64-16.1.2.tgz. Extracting by manifest.
199 silly tarball no local data for next@https://registry.npmjs.org/next/-/next-16.1.2.tgz. Extracting by manifest.
200 silly tarball no local data for @emnapi/core@https://registry.npmjs.org/@emnapi/core/-/core-1.5.0.tgz. Extracting by manifest.
201 http fetch GET 200 https://registry.npmjs.org/@next/env/-/env-16.1.2.tgz 137ms (cache miss)
202 http fetch GET 200 https://registry.npmjs.org/@emnapi/wasi-threads/-/wasi-threads-1.1.0.tgz 156ms (cache miss)
203 http fetch GET 200 https://registry.npmjs.org/@tybys/wasm-util/-/wasm-util-0.10.1.tgz 278ms (cache miss)
204 http fetch GET 200 https://registry.npmjs.org/@emnapi/core/-/core-1.5.0.tgz 281ms (cache miss)
205 http fetch POST 200 https://registry.npmjs.org/-/npm/v1/security/advisories/bulk 306ms
206 silly audit report {
206 silly audit report   'js-yaml': [
206 silly audit report     {
206 silly audit report       id: 1109802,
206 silly audit report       url: 'https://github.com/advisories/GHSA-mh29-5h37-fv8m',
206 silly audit report       title: 'js-yaml has prototype pollution in merge (<<)',
206 silly audit report       severity: 'moderate',
206 silly audit report       vulnerable_versions: '>=4.0.0 <4.1.1',
206 silly audit report       cwe: [Array],
206 silly audit report       cvss: [Object]
206 silly audit report     }
206 silly audit report   ]
206 silly audit report }
207 silly packumentCache corgi:https://registry.npmjs.org/js-yaml cache-miss
208 http fetch GET 200 https://registry.npmjs.org/@napi-rs/wasm-runtime/-/wasm-runtime-0.2.12.tgz 332ms (cache miss)
209 http fetch GET 200 https://registry.npmjs.org/js-yaml 117ms (cache miss)
210 silly packumentCache corgi:https://registry.npmjs.org/js-yaml set size:undefined disposed:false
211 silly packumentCache corgi:https://registry.npmjs.org/@eslint%2feslintrc cache-miss
212 http fetch GET 200 https://registry.npmjs.org/@eslint%2feslintrc 131ms (cache miss)
213 silly packumentCache corgi:https://registry.npmjs.org/@eslint%2feslintrc set size:undefined disposed:false
214 http fetch GET 200 https://registry.npmjs.org/@next/swc-darwin-arm64/-/swc-darwin-arm64-16.1.2.tgz 2857ms (cache miss)
215 http fetch GET 200 https://registry.npmjs.org/next/-/next-16.1.2.tgz 3907ms (cache miss)
216 silly ADD
217 silly ADD
218 silly ADD
219 silly ADD
220 silly ADD
221 silly ADD
222 silly ADD
223 silly ADD
224 silly ADD
225 silly ADD
226 silly ADD
227 silly ADD
228 silly ADD
229 silly ADD
230 silly ADD
231 silly ADD
232 silly ADD
233 silly ADD
234 silly ADD
235 silly ADD
236 silly ADD
237 silly ADD
238 silly ADD
239 silly ADD
240 silly ADD
241 silly ADD
242 silly ADD
243 silly ADD
244 silly ADD
245 silly ADD
246 silly ADD
247 silly ADD
248 silly ADD
249 silly ADD
250 silly ADD
251 silly ADD
252 silly ADD
253 silly ADD
254 silly ADD
255 silly ADD
256 silly ADD
257 silly ADD
258 silly ADD
259 silly ADD
260 silly ADD
261 silly ADD
262 silly ADD
263 silly ADD
264 silly ADD
265 silly CHANGE node_modules/next
266 silly CHANGE node_modules/@next/swc-darwin-arm64
267 silly CHANGE node_modules/@next/env
268 verbose cwd /Users/arielkotch/Desktop/elevated-algorithms
269 verbose os Darwin 25.2.0
270 verbose node v20.19.4
271 verbose npm  v10.8.2
272 verbose exit 0
273 info ok
